\BOOKMARK [0][-]{chapter*.2}{Table des figures}{}% 1
\BOOKMARK [0][-]{section*.3}{Glossaire}{}% 2
\BOOKMARK [0][-]{chapter.1}{Introduction g\351n\351rale}{}% 3
\BOOKMARK [1][-]{section.1.1}{Introduction}{chapter.1}% 4
\BOOKMARK [1][-]{section.1.2}{Pr\351sentation}{chapter.1}% 5
\BOOKMARK [0][-]{chapter.2}{G\351n\351ralit\351s}{}% 6
\BOOKMARK [1][-]{section.2.1}{Introduction}{chapter.2}% 7
\BOOKMARK [1][-]{section.2.2}{Internet des objets \(IoT\)}{chapter.2}% 8
\BOOKMARK [2][-]{subsection.2.2.1}{D\351finition}{section.2.2}% 9
\BOOKMARK [2][-]{subsection.2.2.2}{Histoire et \311volution}{section.2.2}% 10
\BOOKMARK [2][-]{subsection.2.2.3}{Architecture}{section.2.2}% 11
\BOOKMARK [2][-]{subsection.2.2.4}{Quelques domaines d'application}{section.2.2}% 12
\BOOKMARK [2][-]{subsection.2.2.5}{Probl\350mes et difficult\351s}{section.2.2}% 13
\BOOKMARK [1][-]{section.2.3}{Fog Computing}{chapter.2}% 14
\BOOKMARK [2][-]{subsection.2.3.1}{Histoire et \351volution}{section.2.3}% 15
\BOOKMARK [2][-]{subsection.2.3.2}{D\351finition et concept}{section.2.3}% 16
\BOOKMARK [2][-]{subsection.2.3.3}{Architecture}{section.2.3}% 17
\BOOKMARK [2][-]{subsection.2.3.4}{Avantages}{section.2.3}% 18
\BOOKMARK [2][-]{subsection.2.3.5}{D\351fis et verrous scientifiques}{section.2.3}% 19
\BOOKMARK [1][-]{section.2.4}{Migration dans les environnements Fog Computing}{chapter.2}% 20
\BOOKMARK [2][-]{subsection.2.4.1}{D\351finitions et concepts}{section.2.4}% 21
\BOOKMARK [2][-]{subsection.2.4.2}{Migration VMs-Conteneurs}{section.2.4}% 22
\BOOKMARK [2][-]{subsection.2.4.3}{Avantages et inconv\351nients}{section.2.4}% 23
\BOOKMARK [2][-]{subsection.2.4.4}{Techniques de migration}{section.2.4}% 24
\BOOKMARK [2][-]{subsection.2.4.5}{Taxonomie, Travaux r\351alis\351s}{section.2.4}% 25
\BOOKMARK [1][-]{section.2.5}{Gestion des ressources dans les environnements Fog Computing}{chapter.2}% 26
\BOOKMARK [2][-]{subsection.2.5.1}{D\351finition}{section.2.5}% 27
\BOOKMARK [2][-]{subsection.2.5.2}{Dimensions du probl\350me}{section.2.5}% 28
\BOOKMARK [2][-]{subsection.2.5.3}{Architectures propos\351es}{section.2.5}% 29
\BOOKMARK [1][-]{section.2.6}{Conclusion}{chapter.2}% 30
\BOOKMARK [0][-]{chapter.3}{Solution d'allocation de ressources dans un environnement Fog Computing: Stable Matching based Resources Allocation \(SMRA\)}{}% 31
\BOOKMARK [1][-]{section.3.1}{Introduction}{chapter.3}% 32
\BOOKMARK [1][-]{section.3.2}{Motivation}{chapter.3}% 33
\BOOKMARK [1][-]{section.3.3}{Probl\351matique et article de r\351f\351rence}{chapter.3}% 34
\BOOKMARK [1][-]{section.3.4}{Contribution}{chapter.3}% 35
\BOOKMARK [2][-]{subsection.3.4.1}{Architecture SMRA}{section.3.4}% 36
\BOOKMARK [2][-]{subsection.3.4.2}{Clusterisation \(Clusterization\)}{section.3.4}% 37
\BOOKMARK [2][-]{subsection.3.4.3}{Profilage \(Profiling\)}{section.3.4}% 38
\BOOKMARK [2][-]{subsection.3.4.4}{Sc\351nario}{section.3.4}% 39
\BOOKMARK [2][-]{subsection.3.4.5}{Description algorithmique du sc\351nario}{section.3.4}% 40
\BOOKMARK [1][-]{section.3.5}{Conclusion}{chapter.3}% 41
\BOOKMARK [0][-]{chapter.4}{Impl\351mentation et r\351sultats}{}% 42
\BOOKMARK [1][-]{section.4.1}{Introduction}{chapter.4}% 43
\BOOKMARK [1][-]{section.4.2}{Outil de d\351veloppement}{chapter.4}% 44
\BOOKMARK [2][-]{subsection.4.2.1}{Langage JAVA}{section.4.2}% 45
\BOOKMARK [2][-]{subsection.4.2.2}{L'outil IFogSim}{section.4.2}% 46
\BOOKMARK [2][-]{subsection.4.2.3}{Architecture de l'IFogSim}{section.4.2}% 47
\BOOKMARK [1][-]{section.4.3}{D\351veloppement de la conception}{chapter.4}% 48
\BOOKMARK [1][-]{section.4.4}{R\351sultats et \351valuation des performances :}{chapter.4}% 49
\BOOKMARK [1][-]{section.4.5}{Conclusion}{chapter.4}% 50
\BOOKMARK [0][-]{chapter.5}{Conclusion g\351n\351rale}{}% 51
\BOOKMARK [0][-]{chapter.6}{Annexe}{}% 52
\BOOKMARK [0][-]{chapter*.5}{Bibliographie}{}% 53
